<?xml version="1.0" encoding="UTF-8"?>
<!-- Generated by org.testng.reporters.JUnitReportReporter -->
<testsuite skipped="0" hostname="LAPTOP-6EG7DTRR" name="practice.TestNG_1" tests="1" failures="0" timestamp="03 Oct 2019 04:16:16 GMT" time="0.023" errors="0">
  <testcase name="getName" time="0.023" classname="practice.TestNG_1"/>
</testsuite> <!-- practice.TestNG_1 -->
