<?xml version="1.0" encoding="UTF-8"?>
<!-- Generated by org.testng.reporters.JUnitReportReporter -->
<testsuite skipped="0" hostname="LAPTOP-6EG7DTRR" name="TestNG_XML_Practice.TestNG_XML" tests="1" failures="0" timestamp="02 Oct 2019 04:43:53 GMT" time="19.539" errors="0">
  <testcase name="m2" time="19.539" classname="TestNG_XML_Practice.TestNG_XML"/>
</testsuite> <!-- TestNG_XML_Practice.TestNG_XML -->
