<?xml version="1.0" encoding="UTF-8"?>
<!-- Generated by org.testng.reporters.JUnitReportReporter -->
<testsuite skipped="0" hostname="LAPTOP-6EG7DTRR" name="practice_1.ITestList_Practice" tests="2" failures="0" timestamp="04 Oct 2019 04:54:00 GMT" time="0.015" errors="0">
  <testcase name="login" time="0.015" classname="practice_1.ITestList_Practice"/>
  <testcase name="login1" time="0.000" classname="practice_1.ITestList_Practice"/>
</testsuite> <!-- practice_1.ITestList_Practice -->
