<?xml version="1.0" encoding="UTF-8"?>
<!-- Generated by org.testng.reporters.JUnitReportReporter -->
<testsuite skipped="0" hostname="LAPTOP-6EG7DTRR" name="Test_1.GoogleSearchTestNG" tests="1" failures="0" timestamp="01 Oct 2019 05:29:26 GMT" time="8.310" errors="0">
  <testcase name="googlePageTest" time="8.310" classname="Test_1.GoogleSearchTestNG"/>
</testsuite> <!-- Test_1.GoogleSearchTestNG -->
